[debug] [2023-01-12T09:04:29.419Z] ----------------------------------------------------------------------
[debug] [2023-01-12T09:04:29.423Z] Command:       C:\Program Files\nodejs\node.exe C:\Users\Zebu\AppData\Roaming\npm\node_modules\firebase-tools\lib\bin\firebase.js init
[debug] [2023-01-12T09:04:29.425Z] CLI Version:   11.20.0
[debug] [2023-01-12T09:04:29.425Z] Platform:      win32
[debug] [2023-01-12T09:04:29.425Z] Node Version:  v16.15.0
[debug] [2023-01-12T09:04:29.427Z] Time:          Thu Jan 12 2023 14:34:29 GMT+0530 (India Standard Time)
[debug] [2023-01-12T09:04:29.427Z] ----------------------------------------------------------------------
[debug] 
[debug] [2023-01-12T09:04:29.596Z] > command requires scopes: ["email","openid","https://www.googleapis.com/auth/cloudplatformprojects.readonly","https://www.googleapis.com/auth/firebase","https://www.googleapis.com/auth/cloud-platform"]
[debug] [2023-01-12T09:04:29.597Z] > authorizing via signed-in user (vigneshbalaji.06660@gmail.com)
[info] 
     ######## #### ########  ######## ########     ###     ######  ########
     ##        ##  ##     ## ##       ##     ##  ##   ##  ##       ##
     ######    ##  ########  ######   ########  #########  ######  ######
     ##        ##  ##    ##  ##       ##     ## ##     ##       ## ##
     ##       #### ##     ## ######## ########  ##     ##  ######  ########

You're about to initialize a Firebase project in this directory:

  E:\Projects\TV_Chart_Terminal

Before we get started, keep in mind:

  * You are initializing within an existing Firebase project directory

[info] 
=== Project Setup
[info] 
[info] First, let's associate this project directory with a Firebase project.
[info] You can create multiple project aliases by running firebase use --add, 
[info] but for now we'll just set up a default project.
[info] 
[debug] [2023-01-12T09:04:33.212Z] Using project from CLI flag: tv-terminal
[debug] [2023-01-12T09:04:33.218Z] >>> [apiv2][query] GET https://firebase.googleapis.com/v1beta1/projects/tv-terminal [none]
[debug] [2023-01-12T09:04:33.721Z] <<< [apiv2][status] GET https://firebase.googleapis.com/v1beta1/projects/tv-terminal 403
[debug] [2023-01-12T09:04:33.721Z] <<< [apiv2][body] GET https://firebase.googleapis.com/v1beta1/projects/tv-terminal {"error":{"code":403,"message":"The caller does not have permission","status":"PERMISSION_DENIED"}}
[debug] [2023-01-12T09:04:33.722Z] HTTP Error: 403, The caller does not have permission
[debug] [2023-01-12T09:04:33.835Z] FirebaseError: HTTP Error: 403, The caller does not have permission
    at responseToError (C:\Users\Zebu\AppData\Roaming\npm\node_modules\firebase-tools\lib\responseToError.js:49:12)
    at RetryOperation._fn (C:\Users\Zebu\AppData\Roaming\npm\node_modules\firebase-tools\lib\apiv2.js:288:77)
    at processTicksAndRejections (node:internal/process/task_queues:96:5)
[error] 
[error] Error: Failed to get Firebase project tv-terminal. Please make sure the project exists and your account has permission to access it.
